SIMAN Run Controller.

185.11148 Minutes>
                                      ARENA Simulation Results
                                   Windows User - License: STUDENT

                                  Summary for Replication 1 of 1

Project: Unnamed Project                                             Run execution date :12/20/2018
Analyst: Windows User                                                Model revision date:12/20/2018

Replication ended at time      : 185.11148 Minutes 
Base Time Units: Minutes

                                           TALLY VARIABLES

Identifier                                  Average   Half Width  Minimum    Maximum   Observations
___________________________________________________________________________________________________

Youth.VATime                                .00000     (Insuf)    .00000     .00000         59    
Youth.NVATime                               .00000     (Insuf)    .00000     .00000         59    
Youth.WaitTime                              .00000     (Insuf)    .00000     .00000         59    
Youth.TranTime                              1.5000     (Insuf)    1.5000     1.5000         59    
Youth.OtherTime                             .00000     (Insuf)    .00000     .00000         59    
Youth.TotalTime                             1.5000     (Insuf)    1.5000     1.5000         59    
E_b.Queue.WaitingTime                           --         --         --         --          0
B_b.Queue.WaitingTime                           --         --         --         --          0
C_c.Queue.WaitingTime                           --         --         --         --          0
D_b.Queue.WaitingTime                           --         --         --         --          0
C_a.Queue.WaitingTime                           --         --         --         --          0
A_a.Queue.WaitingTime                           --         --         --         --          0
A_b.Queue.WaitingTime                           --         --         --         --          0
C_b.Queue.WaitingTime                           --         --         --         --          0
E_a.Queue.WaitingTime                           --         --         --         --          0
D_a.Queue.WaitingTime                           --         --         --         --          0
B_a.Queue.WaitingTime                           --         --         --         --          0
A_c.Queue.WaitingTime                           --         --         --         --          0

                                     DISCRETE-CHANGE VARIABLES

Identifier                                  Average   Half Width  Minimum    Maximum   Final Value
___________________________________________________________________________________________________

Youth.WIP                                   .48014     (Insuf)    .00000     4.0000     1.0000    
E_a Seats.NumberBusy                        .00000     (Insuf)    .00000     .00000     .00000    
E_a Seats.NumberScheduled                   1.0000     (Insuf)    1.0000     1.0000     1.0000    
E_a Seats.Utilization                       .00000     (Insuf)    .00000     .00000     .00000    
A_b Seats.NumberBusy                        .00000     (Insuf)    .00000     .00000     .00000    
A_b Seats.NumberScheduled                   1.0000     (Insuf)    1.0000     1.0000     1.0000    
A_b Seats.Utilization                       .00000     (Insuf)    .00000     .00000     .00000    
E_b Seats.NumberBusy                        .00000     (Insuf)    .00000     .00000     .00000    
E_b Seats.NumberScheduled                   1.0000     (Insuf)    1.0000     1.0000     1.0000    
E_b Seats.Utilization                       .00000     (Insuf)    .00000     .00000     .00000    
C_a Seats.NumberBusy                        .00000     (Insuf)    .00000     .00000     .00000    
C_a Seats.NumberScheduled                   1.0000     (Insuf)    1.0000     1.0000     1.0000    
C_a Seats.Utilization                       .00000     (Insuf)    .00000     .00000     .00000    
B_b Seats.NumberBusy                        .00000     (Insuf)    .00000     .00000     .00000    
B_b Seats.NumberScheduled                   1.0000     (Insuf)    1.0000     1.0000     1.0000    
B_b Seats.Utilization                       .00000     (Insuf)    .00000     .00000     .00000    
C_c Seats.NumberBusy                        .00000     (Insuf)    .00000     .00000     .00000    
C_c Seats.NumberScheduled                   1.0000     (Insuf)    1.0000     1.0000     1.0000    
C_c Seats.Utilization                       .00000     (Insuf)    .00000     .00000     .00000    
B_a Seats.NumberBusy                        .00000     (Insuf)    .00000     .00000     .00000    
B_a Seats.NumberScheduled                   1.0000     (Insuf)    1.0000     1.0000     1.0000    
B_a Seats.Utilization                       .00000     (Insuf)    .00000     .00000     .00000    
A_a Seats.NumberBusy                        .00000     (Insuf)    .00000     .00000     .00000    
A_a Seats.NumberScheduled                   1.0000     (Insuf)    1.0000     1.0000     1.0000    
A_a Seats.Utilization                       .00000     (Insuf)    .00000     .00000     .00000    
A_c Seats.NumberBusy                        .00000     (Insuf)    .00000     .00000     .00000    
A_c Seats.NumberScheduled                   1.0000     (Insuf)    1.0000     1.0000     1.0000    
A_c Seats.Utilization                       .00000     (Insuf)    .00000     .00000     .00000    
D_b Seats.NumberBusy                        .00000     (Insuf)    .00000     .00000     .00000    
D_b Seats.NumberScheduled                   1.0000     (Insuf)    1.0000     1.0000     1.0000    
D_b Seats.Utilization                       .00000     (Insuf)    .00000     .00000     .00000    
D_a Seats.NumberBusy                        .00000     (Insuf)    .00000     .00000     .00000    
D_a Seats.NumberScheduled                   1.0000     (Insuf)    1.0000     1.0000     1.0000    
D_a Seats.Utilization                       .00000     (Insuf)    .00000     .00000     .00000    
E_b.Queue.NumberInQueue                     .00000     (Insuf)    .00000     .00000     .00000    
B_b.Queue.NumberInQueue                     .00000     (Insuf)    .00000     .00000     .00000    
C_c.Queue.NumberInQueue                     .00000     (Insuf)    .00000     .00000     .00000    
D_b.Queue.NumberInQueue                     .00000     (Insuf)    .00000     .00000     .00000    
C_a.Queue.NumberInQueue                     .00000     (Insuf)    .00000     .00000     .00000    
A_a.Queue.NumberInQueue                     .00000     (Insuf)    .00000     .00000     .00000    
A_b.Queue.NumberInQueue                     .00000     (Insuf)    .00000     .00000     .00000    
C_b.Queue.NumberInQueue                     .00000     (Insuf)    .00000     .00000     .00000    
E_a.Queue.NumberInQueue                     .00000     (Insuf)    .00000     .00000     .00000    
D_a.Queue.NumberInQueue                     .00000     (Insuf)    .00000     .00000     .00000    
B_a.Queue.NumberInQueue                     .00000     (Insuf)    .00000     .00000     .00000    
A_c.Queue.NumberInQueue                     .00000     (Insuf)    .00000     .00000     .00000    

                                             OUTPUTS

Identifier                                   Value
_____________________________________________________________

Youth.NumberIn                              60.000    
Youth.NumberOut                             59.000    
E_a Seats.NumberSeized                      .00000    
E_a Seats.ScheduledUtilization              .00000    
A_b Seats.NumberSeized                      .00000    
A_b Seats.ScheduledUtilization              .00000    
E_b Seats.NumberSeized                      .00000    
E_b Seats.ScheduledUtilization              .00000    
C_a Seats.NumberSeized                      .00000    
C_a Seats.ScheduledUtilization              .00000    
B_b Seats.NumberSeized                      .00000    
B_b Seats.ScheduledUtilization              .00000    
C_c Seats.NumberSeized                      .00000    
C_c Seats.ScheduledUtilization              .00000    
B_a Seats.NumberSeized                      .00000    
B_a Seats.ScheduledUtilization              .00000    
A_a Seats.NumberSeized                      .00000    
A_a Seats.ScheduledUtilization              .00000    
A_c Seats.NumberSeized                      .00000    
A_c Seats.ScheduledUtilization              .00000    
D_b Seats.NumberSeized                      .00000    
D_b Seats.ScheduledUtilization              .00000    
D_a Seats.NumberSeized                      .00000    
D_a Seats.ScheduledUtilization              .00000    
System.NumberOut                            59.000    


Simulation run time: 1.73 minutes.
Simulation run complete.
